{
  "stats": {
    "suites": 1,
    "tests": 1,
    "passes": 1,
    "pending": 0,
    "failures": 0,
    "start": "2020-12-29T15:44:08.579Z",
    "end": "2020-12-29T15:44:23.788Z",
    "duration": 15209,
    "testsRegistered": 1,
    "passPercent": 100,
    "pendingPercent": 0,
    "other": 0,
    "hasOther": false,
    "skipped": 0,
    "hasSkipped": false
  },
  "results": [
    {
      "uuid": "6dc30a6f-0a70-4546-82e4-5df445540cbf",
      "title": "",
      "fullFile": "cypress/integration/compra.spec.js",
      "file": "cypress/integration/compra.spec.js",
      "beforeHooks": [],
      "afterHooks": [],
      "tests": [],
      "suites": [
        {
          "uuid": "aadba257-7ce9-4255-abeb-791de8c98087",
          "title": "Compra",
          "fullFile": "",
          "file": "",
          "beforeHooks": [],
          "afterHooks": [],
          "tests": [
            {
              "title": "Efetuar uma compra de produto",
              "fullTitle": "Compra Efetuar uma compra de produto",
              "timedOut": null,
              "duration": 15137,
              "state": "passed",
              "speed": "slow",
              "pass": true,
              "fail": false,
              "pending": false,
              "context": null,
              "code": "cy.backgroundLogin();\ncy.visit('/');\nvar nomeProduto = 'Faded Short Sleeve T-shirts';\ncy.contains(nomeProduto).trigger('mouseover');\ncy.contains(nomeProduto).parent().siblings('div.button-container').children('a').first().click();\ncy.get('.icon-ok').parent().should('contain.text', 'Product successfully added to your shopping cart');\ncy.get('span#layer_cart_product_title').should('contain.text', nomeProduto);\ncy.get(\".button-container a[href$='controller=order']\").click();\ncy.get(\".cart_navigation a[href$='order&step=1']\").click();\n/* cy.get('#email').type('chi.cypress@gmail.com')\ncy.get('#passwd').type('cypress')\n cy.get('button#SubmitLogin').click() */\n//[type=checbox]#addressesAreEquals\ncy.get('[type=checkbox]#addressesAreEquals').should('have.attr', 'checked', 'checked');\ncy.get('[type=checkbox]#addressesAreEquals').should('have.attr', 'name', 'same');\ncy.get('button[name=processAddress]').click();\ncy.get('[type=checkbox]#cgv').check();\ncy.get('button[name=processCarrier]').click();\ncy.get('.bankwire').click();\ncy.get('.cart_navigation button[type=submit]').find('span').contains('I confirm my order').click();\ncy.get('.cheque-indent strong').should('contain.text', 'Your order on My Store is complete.');\ncy.get('div.box').invoke('text').then(function (text) {\n  console.log(text);\n  console.log(text.match(/[A-Z][A-Z]+/g)[1]);\n  cy.writeFile('cypress/fixtures/pedido.json', {\n    id: \"\".concat(text.match(/[A-Z][A-Z]+/g)[1])\n  });\n});\ncy.get(\".cart_navigation a[href$='history']\").click();\ncy.readFile('cypress/fixtures/pedido.json').then(function (pedido) {\n  cy.get('tr.first_item .history_link a').should('contain.text', pedido.id);\n});",
              "err": {},
              "uuid": "320d7a1f-8eb9-46e6-b616-b0fee0ac69a7",
              "parentUUID": "aadba257-7ce9-4255-abeb-791de8c98087",
              "isHook": false,
              "skipped": false
            }
          ],
          "suites": [],
          "passes": [
            "320d7a1f-8eb9-46e6-b616-b0fee0ac69a7"
          ],
          "failures": [],
          "pending": [],
          "skipped": [],
          "duration": 15137,
          "root": false,
          "rootEmpty": false,
          "_timeout": 2000
        }
      ],
      "passes": [],
      "failures": [],
      "pending": [],
      "skipped": [],
      "duration": 0,
      "root": true,
      "rootEmpty": true,
      "_timeout": 2000
    }
  ],
  "meta": {
    "mocha": {
      "version": "7.0.1"
    },
    "mochawesome": {
      "options": {
        "quiet": true,
        "reportFilename": "mochawesome",
        "saveHtml": false,
        "saveJson": true,
        "consoleReporter": "spec",
        "useInlineDiffs": false,
        "code": true
      },
      "version": "6.2.1"
    },
    "marge": {
      "options": {
        "id": "default",
        "reportDir": "mochawesome-report",
        "quiet": true,
        "overwrite": false,
        "html": false,
        "json": true
      },
      "version": "5.1.0"
    }
  }
}